The system is: Windows - 10.0.19042 - AMD64
Compiling the C compiler identification source file "CMakeCCompilerId.c" succeeded.
Compiler:  
Build flags: 
Id flags:  

The output was:
0
Microsoft (R) Build Engine version 15.9.21+g9802d43bc3 pour .NET Framework
Copyright (C) Microsoft Corporation. Tous droits r‚serv‚s.

La g‚n‚ration a d‚marr‚ 06/05/2021 22:12:02.
Projet "C:\Users\jacob\source\repos\qtVtkProject\build\CMakeFiles\3.20.2\CompilerIdC\CompilerIdC.vcxproj" sur le noud 1 (cibles par d‚faut).
PrepareForBuild:
  Cr‚ation du r‚pertoire "Debug\".
  Cr‚ation du r‚pertoire "Debug\CompilerIdC.tlog\".
InitializeBuildStatus:
  Cr‚ation de "Debug\CompilerIdC.tlog\unsuccessfulbuild", car "AlwaysCreate" a ‚t‚ sp‚cifi‚.
ClCompile:
  C:\Program Files (x86)\Microsoft Visual Studio\2017\BuildTools\VC\Tools\MSVC\14.16.27023\bin\HostX86\x64\CL.exe /c /nologo /W0 /WX- /diagnostics:classic /Od /D _MBCS /Gm- /EHsc /RTC1 /MDd /GS /fp:precise /Zc:wchar_t /Zc:forScope /Zc:inline /Fo"Debug\\" /Fd"Debug\vc141.pdb" /Gd /TC /FC /errorReport:queue CMakeCCompilerId.c
  CMakeCCompilerId.c
Link:
  C:\Program Files (x86)\Microsoft Visual Studio\2017\BuildTools\VC\Tools\MSVC\14.16.27023\bin\HostX86\x64\link.exe /ERRORREPORT:QUEUE /OUT:".\CompilerIdC.exe" /INCREMENTAL:NO /NOLOGO kernel32.lib user32.lib gdi32.lib winspool.lib comdlg32.lib advapi32.lib shell32.lib ole32.lib oleaut32.lib uuid.lib odbc32.lib odbccp32.lib /MANIFEST /MANIFESTUAC:"level='asInvoker' uiAccess='false'" /manifest:embed /PDB:".\CompilerIdC.pdb" /SUBSYSTEM:CONSOLE /TLBID:1 /DYNAMICBASE /NXCOMPAT /IMPLIB:".\CompilerIdC.lib" /MACHINE:X64 Debug\CMakeCCompilerId.obj
  CompilerIdC.vcxproj -> C:\Users\jacob\source\repos\qtVtkProject\build\CMakeFiles\3.20.2\CompilerIdC\.\CompilerIdC.exe
PostBuildEvent:
  for %%i in (cl.exe) do @echo CMAKE_C_COMPILER=%%~$PATH:i
  :VCEnd
  CMAKE_C_COMPILER=C:\Program Files (x86)\Microsoft Visual Studio\2017\BuildTools\VC\Tools\MSVC\14.16.27023\bin\Hostx86\x64\cl.exe
FinalizeBuildStatus:
  Suppression du fichier "Debug\CompilerIdC.tlog\unsuccessfulbuild".
  Mise … jour de l'horodatage "Debug\CompilerIdC.tlog\CompilerIdC.lastbuildstate".
G‚n‚ration du projet "C:\Users\jacob\source\repos\qtVtkProject\build\CMakeFiles\3.20.2\CompilerIdC\CompilerIdC.vcxproj" termin‚e (cibles par d‚faut).

La g‚n‚ration a r‚ussi.
    0 Avertissement(s)
    0 Erreur(s)

Temps ‚coul‚ 00:00:01.07


Compilation of the C compiler identification source "CMakeCCompilerId.c" produced "CompilerIdC.exe"

Compilation of the C compiler identification source "CMakeCCompilerId.c" produced "CompilerIdC.vcxproj"

The C compiler identification is MSVC, found in "C:/Users/jacob/source/repos/qtVtkProject/build/CMakeFiles/3.20.2/CompilerIdC/CompilerIdC.exe"

Compiling the CXX compiler identification source file "CMakeCXXCompilerId.cpp" succeeded.
Compiler:  
Build flags: 
Id flags:  

The output was:
0
Microsoft (R) Build Engine version 15.9.21+g9802d43bc3 pour .NET Framework
Copyright (C) Microsoft Corporation. Tous droits r‚serv‚s.

La g‚n‚ration a d‚marr‚ 06/05/2021 22:12:03.
Projet "C:\Users\jacob\source\repos\qtVtkProject\build\CMakeFiles\3.20.2\CompilerIdCXX\CompilerIdCXX.vcxproj" sur le noud 1 (cibles par d‚faut).
PrepareForBuild:
  Cr‚ation du r‚pertoire "Debug\".
  Cr‚ation du r‚pertoire "Debug\CompilerIdCXX.tlog\".
InitializeBuildStatus:
  Cr‚ation de "Debug\CompilerIdCXX.tlog\unsuccessfulbuild", car "AlwaysCreate" a ‚t‚ sp‚cifi‚.
ClCompile:
  C:\Program Files (x86)\Microsoft Visual Studio\2017\BuildTools\VC\Tools\MSVC\14.16.27023\bin\HostX86\x64\CL.exe /c /nologo /W0 /WX- /diagnostics:classic /Od /D _MBCS /Gm- /EHsc /RTC1 /MDd /GS /fp:precise /Zc:wchar_t /Zc:forScope /Zc:inline /Fo"Debug\\" /Fd"Debug\vc141.pdb" /Gd /TP /FC /errorReport:queue CMakeCXXCompilerId.cpp
  CMakeCXXCompilerId.cpp
Link:
  C:\Program Files (x86)\Microsoft Visual Studio\2017\BuildTools\VC\Tools\MSVC\14.16.27023\bin\HostX86\x64\link.exe /ERRORREPORT:QUEUE /OUT:".\CompilerIdCXX.exe" /INCREMENTAL:NO /NOLOGO kernel32.lib user32.lib gdi32.lib winspool.lib comdlg32.lib advapi32.lib shell32.lib ole32.lib oleaut32.lib uuid.lib odbc32.lib odbccp32.lib /MANIFEST /MANIFESTUAC:"level='asInvoker' uiAccess='false'" /manifest:embed /PDB:".\CompilerIdCXX.pdb" /SUBSYSTEM:CONSOLE /TLBID:1 /DYNAMICBASE /NXCOMPAT /IMPLIB:".\CompilerIdCXX.lib" /MACHINE:X64 Debug\CMakeCXXCompilerId.obj
  CompilerIdCXX.vcxproj -> C:\Users\jacob\source\repos\qtVtkProject\build\CMakeFiles\3.20.2\CompilerIdCXX\.\CompilerIdCXX.exe
PostBuildEvent:
  for %%i in (cl.exe) do @echo CMAKE_CXX_COMPILER=%%~$PATH:i
  :VCEnd
  CMAKE_CXX_COMPILER=C:\Program Files (x86)\Microsoft Visual Studio\2017\BuildTools\VC\Tools\MSVC\14.16.27023\bin\Hostx86\x64\cl.exe
FinalizeBuildStatus:
  Suppression du fichier "Debug\CompilerIdCXX.tlog\unsuccessfulbuild".
  Mise … jour de l'horodatage "Debug\CompilerIdCXX.tlog\CompilerIdCXX.lastbuildstate".
G‚n‚ration du projet "C:\Users\jacob\source\repos\qtVtkProject\build\CMakeFiles\3.20.2\CompilerIdCXX\CompilerIdCXX.vcxproj" termin‚e (cibles par d‚faut).

La g‚n‚ration a r‚ussi.
    0 Avertissement(s)
    0 Erreur(s)

Temps ‚coul‚ 00:00:00.84


Compilation of the CXX compiler identification source "CMakeCXXCompilerId.cpp" produced "CompilerIdCXX.exe"

Compilation of the CXX compiler identification source "CMakeCXXCompilerId.cpp" produced "CompilerIdCXX.vcxproj"

The CXX compiler identification is MSVC, found in "C:/Users/jacob/source/repos/qtVtkProject/build/CMakeFiles/3.20.2/CompilerIdCXX/CompilerIdCXX.exe"

Detecting C compiler ABI info compiled with the following output:
Change Dir: C:/Users/jacob/source/repos/qtVtkProject/build/CMakeFiles/CMakeTmp

Run Build Command(s):C:/Program Files (x86)/Microsoft Visual Studio/2017/BuildTools/MSBuild/15.0/Bin/MSBuild.exe cmTC_9793e.vcxproj /p:Configuration=Debug /p:Platform=x64 /p:VisualStudioVersion=15.0 /v:m && Microsoft (R) Build Engine version 15.9.21+g9802d43bc3 pour .NET Framework
Copyright (C) Microsoft Corporation. Tous droits r‚serv‚s.

  Compilateur d'optimisation Microsoft (R) C/C++ versionÿ19.16.27045 pour x64
  Copyright (C) Microsoft Corporation. Tous droits r‚serv‚s.
  
  CMakeCCompilerABI.c
  cl /c /Zi /W1 /WX- /diagnostics:classic /Od /Ob0 /D WIN32 /D _WINDOWS /D "CMAKE_INTDIR=\"Debug\"" /D _MBCS /Gm- /RTC1 /MDd /GS /fp:precise /Zc:wchar_t /Zc:forScope /Zc:inline /Fo"cmTC_9793e.dir\Debug\\" /Fd"cmTC_9793e.dir\Debug\vc141.pdb" /Gd /TC /errorReport:queue "C:\Program Files\CMake\share\cmake-3.20\Modules\CMakeCCompilerABI.c"
  
  cmTC_9793e.vcxproj -> C:\Users\jacob\source\repos\qtVtkProject\build\CMakeFiles\CMakeTmp\Debug\cmTC_9793e.exe



Detecting CXX compiler ABI info compiled with the following output:
Change Dir: C:/Users/jacob/source/repos/qtVtkProject/build/CMakeFiles/CMakeTmp

Run Build Command(s):C:/Program Files (x86)/Microsoft Visual Studio/2017/BuildTools/MSBuild/15.0/Bin/MSBuild.exe cmTC_46513.vcxproj /p:Configuration=Debug /p:Platform=x64 /p:VisualStudioVersion=15.0 /v:m && Microsoft (R) Build Engine version 15.9.21+g9802d43bc3 pour .NET Framework
Copyright (C) Microsoft Corporation. Tous droits r‚serv‚s.

  Compilateur d'optimisation Microsoft (R) C/C++ versionÿ19.16.27045 pour x64
  Copyright (C) Microsoft Corporation. Tous droits r‚serv‚s.
  
  CMakeCXXCompilerABI.cpp
  cl /c /Zi /W1 /WX- /diagnostics:classic /Od /Ob0 /D WIN32 /D _WINDOWS /D "CMAKE_INTDIR=\"Debug\"" /D _MBCS /Gm- /EHsc /RTC1 /MDd /GS /fp:precise /Zc:wchar_t /Zc:forScope /Zc:inline /GR /Fo"cmTC_46513.dir\Debug\\" /Fd"cmTC_46513.dir\Debug\vc141.pdb" /Gd /TP /errorReport:queue "C:\Program Files\CMake\share\cmake-3.20\Modules\CMakeCXXCompilerABI.cpp"
  
  cmTC_46513.vcxproj -> C:\Users\jacob\source\repos\qtVtkProject\build\CMakeFiles\CMakeTmp\Debug\cmTC_46513.exe



